<?xml version="1.0" encoding="UTF-8"?>
<!-- Generated by org.testng.reporters.JUnitXMLReporter -->
<testsuite ignored="7" hostname="anandraj" failures="0" tests="1" name="Default test" time="6.007" errors="0" timestamp="2022-12-19T10:55:58 IST">
  <testcase classname="com.test.api.SingleRepos" name="deleteRepo" time="5.862"/>
  <testcase classname="com.test.api.SingleRepos" name="enableVulnerable" time="0.0">
    <ignored/>
  </testcase> <!-- enableVulnerable -->
  <testcase classname="com.test.api.SingleRepos" name="putRepo" time="0.0">
    <ignored/>
  </testcase> <!-- putRepo -->
  <testcase classname="com.test.api.SingleRepos" name="disableVulnerable" time="0.0">
    <ignored/>
  </testcase> <!-- disableVulnerable -->
  <testcase classname="com.test.api.SingleRepos" name="checkVulnerable" time="0.0">
    <ignored/>
  </testcase> <!-- checkVulnerable -->
  <testcase classname="com.test.api.SingleRepos" name="patchRepo" time="0.0">
    <ignored/>
  </testcase> <!-- patchRepo -->
  <testcase classname="com.test.api.SingleRepos" name="getRepo" time="0.0">
    <ignored/>
  </testcase> <!-- getRepo -->
  <testcase classname="com.test.api.SingleRepos" name="CreateRepoAuthUser" time="0.0">
    <ignored/>
  </testcase> <!-- CreateRepoAuthUser -->
</testsuite> <!-- Default test -->
