<?xml version="1.0" encoding="UTF-8"?>
<testng-results ignored="7" total="8" passed="1" failed="0" skipped="0">
  <reporter-output>
  </reporter-output>
  <suite started-at="2022-12-19T10:55:52 IST" name="Default suite" finished-at="2022-12-19T10:55:58 IST" duration-ms="6007">
    <groups>
    </groups>
    <test started-at="2022-12-19T10:55:52 IST" name="Default test" finished-at="2022-12-19T10:55:58 IST" duration-ms="6007">
      <class name="com.test.api.SingleRepos">
        <test-method signature="deleteRepo()[pri:0, instance:com.test.api.SingleRepos@61001b64]" started-at="2022-12-19T10:55:52 IST" name="deleteRepo" finished-at="2022-12-19T10:55:58 IST" duration-ms="5862" status="PASS">
          <reporter-output>
          </reporter-output>
        </test-method> <!-- deleteRepo -->
      </class> <!-- com.test.api.SingleRepos -->
    </test> <!-- Default test -->
  </suite> <!-- Default suite -->
</testng-results>
